error[E0425]: cannot find value `a` in this scope
  --> /tmp/granitecode3b-bit_ops-js-rs.rs:11:13
   |
11 |     bitwise(a, b);
   |             ^ not found in this scope

error[E0425]: cannot find value `b` in this scope
  --> /tmp/granitecode3b-bit_ops-js-rs.rs:11:16
   |
11 |     bitwise(a, b);
   |                ^ not found in this scope

error: aborting due to 2 previous errors

For more information about this error, try `rustc --explain E0425`.
