/tmp/granitecode3b-int_cmp-py-c.c:1:9: error: expected "FILENAME" or <FILENAME>
    1 | #include
      |         ^
/tmp/granitecode3b-int_cmp-py-c.c:2:9: error: expected "FILENAME" or <FILENAME>
    2 | #include
      |         ^
/tmp/granitecode3b-int_cmp-py-c.c:6:3: error: call to undeclared library function 'printf' with type 'int (const char *, ...)'; ISO C99 and later do not support implicit function declarations [-Wimplicit-function-declaration]
    6 |   printf("Enter value of a: ");
      |   ^
/tmp/granitecode3b-int_cmp-py-c.c:6:3: note: include the header <stdio.h> or explicitly provide a declaration for 'printf'
/tmp/granitecode3b-int_cmp-py-c.c:7:3: error: call to undeclared library function 'scanf' with type 'int (const char *restrict, ...)'; ISO C99 and later do not support implicit function declarations [-Wimplicit-function-declaration]
    7 |   scanf("%d", &a);
      |   ^
/tmp/granitecode3b-int_cmp-py-c.c:7:3: note: include the header <stdio.h> or explicitly provide a declaration for 'scanf'
4 errors generated.
