/tmp/stablecode-logic_ops-java-cpp.cpp:5:40: error: expected ';' after expression
    5 |     std::cout << "a OR b: " << (a || b)) << std::endl;
      |                                        ^
      |                                        ;
/tmp/stablecode-logic_ops-java-cpp.cpp:5:40: error: expected expression
2 errors generated.
