/tmp/dolphincoder7b-bit_ops-java-cpp.cpp:1:9: error: expected "FILENAME" or <FILENAME>
    1 | #include
      |         ^
/tmp/dolphincoder7b-bit_ops-java-cpp.cpp:2:9: error: expected "FILENAME" or <FILENAME>
    2 | #include
      |         ^
/tmp/dolphincoder7b-bit_ops-java-cpp.cpp:4:6: error: variable has incomplete type 'void'
    4 | void bitwise\_operations(int a, int b) {
      |      ^
/tmp/dolphincoder7b-bit_ops-java-cpp.cpp:4:13: error: expected ';' after top level declarator
    4 | void bitwise\_operations(int a, int b) {
      |             ^
      |             ;
/tmp/dolphincoder7b-bit_ops-java-cpp.cpp:21:10: error: expected ';' after expression
   21 |   bitwise\_operations(4, 2);
      |          ^
      |          ;
/tmp/dolphincoder7b-bit_ops-java-cpp.cpp:21:10: error: expected expression
6 errors generated.
