error[E0601]: `main` function not found in crate `temp_crate`
  --> /tmp/dolphincoder7b-str_cmp-py-rs.rs:17:2
   |
17 | }
   |  ^ consider adding a `main` function to `/tmp/dolphincoder7b-str_cmp-py-rs.rs`

error[E0061]: this function takes 0 arguments but 1 argument was supplied
 --> /tmp/dolphincoder7b-str_cmp-py-rs.rs:2:18
  |
2 |     let a_type = std::any::type_name::<i32>(a);
  |                  ^^^^^^^^^^^^^^^^^^^^^^^^^^ - unexpected argument of type `&str`
  |
note: function defined here
 --> /private/tmp/rust-20241019-8391-fxpxmx/rustc-1.82.0-src/library/core/src/any.rs:708:14
help: remove the extra argument
  |
2 -     let a_type = std::any::type_name::<i32>(a);
2 +     let a_type = std::any::type_name::<i32>();
  |

error[E0061]: this function takes 0 arguments but 1 argument was supplied
 --> /tmp/dolphincoder7b-str_cmp-py-rs.rs:3:18
  |
3 |     let b_type = std::any::type_name::<i32>(b);
  |                  ^^^^^^^^^^^^^^^^^^^^^^^^^^ - unexpected argument of type `&str`
  |
note: function defined here
 --> /private/tmp/rust-20241019-8391-fxpxmx/rustc-1.82.0-src/library/core/src/any.rs:708:14
help: remove the extra argument
  |
3 -     let b_type = std::any::type_name::<i32>(b);
3 +     let b_type = std::any::type_name::<i32>();
  |

error: aborting due to 3 previous errors

Some errors have detailed explanations: E0061, E0601.
For more information about an error, try `rustc --explain E0061`.
