error[E0573]: expected type, found const parameter `W`
 --> /tmp/dolphincoder7b-bit_ops-py-rs.rs:1:31
  |
1 | fn asr<const W: usize>(width: W, a: u64, n: i32) -> i64 {
  |                               ^ not a type

error[E0308]: mismatched types
 --> /tmp/dolphincoder7b-bit_ops-py-rs.rs:3:59
  |
3 |     (if a < 0 && n > 0 { -1 } else { 1 }) << ((aa >> (W - n)) & width.powers_of_two(n) - 1)
  |                                                           ^ expected `usize`, found `i32`

error[E0277]: cannot subtract `i32` from `usize`
 --> /tmp/dolphincoder7b-bit_ops-py-rs.rs:3:57
  |
3 |     (if a < 0 && n > 0 { -1 } else { 1 }) << ((aa >> (W - n)) & width.powers_of_two(n) - 1)
  |                                                         ^ no implementation for `usize - i32`
  |
  = help: the trait `Sub<i32>` is not implemented for `usize`
  = help: the following other types implement trait `Sub<Rhs>`:
            `&'a usize` implements `Sub<usize>`
            `&usize` implements `Sub<&usize>`
            `usize` implements `Sub<&usize>`
            `usize` implements `Sub`

error: aborting due to 3 previous errors

Some errors have detailed explanations: E0277, E0308, E0573.
For more information about an error, try `rustc --explain E0277`.
