error[E0425]: cannot find value `args` in this scope
 --> /tmp/yicoder2b-int_arith-c-rs.rs:2:8
  |
2 |     if args.len() < 2 {
  |        ^^^^ not found in this scope
  |
help: consider importing this function
  |
1 + use std::env::args;
  |

error[E0425]: cannot find value `args` in this scope
 --> /tmp/yicoder2b-int_arith-c-rs.rs:6:18
  |
6 |     let a: i32 = args[1].parse().unwrap();
  |                  ^^^^ not found in this scope
  |
help: consider importing this function
  |
1 + use std::env::args;
  |

error[E0425]: cannot find value `args` in this scope
 --> /tmp/yicoder2b-int_arith-c-rs.rs:7:18
  |
7 |     let b: i32 = args[2].parse().unwrap();
  |                  ^^^^ not found in this scope
  |
help: consider importing this function
  |
1 + use std::env::args;
  |

error: aborting due to 3 previous errors

For more information about this error, try `rustc --explain E0425`.
