error[E0601]: `main` function not found in crate `temp_crate`
  --> /tmp/yicoder9b-int_factors-py-rs.rs:16:2
   |
16 | }
   |  ^ consider adding a `main` function to `/tmp/yicoder9b-int_factors-py-rs.rs`

error[E0599]: no method named `sqrt` found for type `usize` in the current scope
 --> /tmp/yicoder9b-int_factors-py-rs.rs:3:32
  |
3 |     for x in 1..=((n as usize).sqrt() as u32) {
  |                                ^^^^ method not found in `usize`

error[E0599]: no method named `try_into` found for type `u32` in the current scope
 --> /tmp/yicoder9b-int_factors-py-rs.rs:5:29
  |
5 |             factors1.push(x.try_into().unwrap());
  |                             ^^^^^^^^
 --> /private/tmp/rust-20241019-8391-fxpxmx/rustc-1.82.0-src/library/core/src/convert/mod.rs:611:8
  |
  = note: the method is available for `u32` here
  |
  = help: items from traits can only be used if the trait is in scope
  = note: 'std::convert::TryInto' is included in the prelude starting in Edition 2021
help: trait `TryInto` which provides `try_into` is implemented but not in scope; perhaps you want to import it
  |
1 + use std::convert::TryInto;
  |
help: there is a method `into` with a similar name
  |
5 |             factors1.push(x.into().unwrap());
  |                             ~~~~

error[E0599]: no method named `try_into` found for type `u32` in the current scope
 --> /tmp/yicoder9b-int_factors-py-rs.rs:6:29
  |
6 |             let y = (n / x).try_into().unwrap();
  |                             ^^^^^^^^
 --> /private/tmp/rust-20241019-8391-fxpxmx/rustc-1.82.0-src/library/core/src/convert/mod.rs:611:8
  |
  = note: the method is available for `u32` here
  |
  = help: items from traits can only be used if the trait is in scope
  = note: 'std::convert::TryInto' is included in the prelude starting in Edition 2021
help: trait `TryInto` which provides `try_into` is implemented but not in scope; perhaps you want to import it
  |
1 + use std::convert::TryInto;
  |
help: there is a method `into` with a similar name
  |
6 |             let y = (n / x).into().unwrap();
  |                             ~~~~

error: aborting due to 4 previous errors

Some errors have detailed explanations: E0599, E0601.
For more information about an error, try `rustc --explain E0599`.
