error[E0601]: `main` function not found in crate `codegemma7b_bit_ops_java_rs`
  --> /tmp/codegemma7b-bit_ops-java-rs.rs:11:2
   |
11 | }
   |  ^ consider adding a `main` function to `/tmp/codegemma7b-bit_ops-java-rs.rs`

error[E0599]: no method named `shr` found for type `i32` in the current scope
 --> /tmp/codegemma7b-bit_ops-java-rs.rs:8:31
  |
8 |     println!("a >>> b: {}", a.shr(b)); // logical right shift
  |                               ^^^
 --> /private/tmp/rust-20241019-8391-fxpxmx/rustc-1.82.0-src/library/core/src/ops/bit.rs:576:8
  |
  = note: the method is available for `i32` here
  |
  = help: items from traits can only be used if the trait is in scope
help: trait `Shr` which provides `shr` is implemented but not in scope; perhaps you want to import it
  |
1 + use std::ops::Shr;
  |
help: there is a method `shl` with a similar name
  |
8 |     println!("a >>> b: {}", a.shl(b)); // logical right shift
  |                               ~~~

error[E0308]: mismatched types
 --> /tmp/codegemma7b-bit_ops-java-rs.rs:9:43
  |
9 |     println!("a rol b: {}", a.rotate_left(b)); //rotate left
  |                               ----------- ^ expected `u32`, found `i32`
  |                               |
  |                               arguments to this method are incorrect
  |
note: method defined here
 --> /private/tmp/rust-20241019-8391-fxpxmx/rustc-1.82.0-src/library/core/src/num/mod.rs:326:5
  = note: this error originates in the macro `int_impl` (in Nightly builds, run with -Z macro-backtrace for more info)
help: you can convert an `i32` to a `u32` and panic if the converted value doesn't fit
  |
9 |     println!("a rol b: {}", a.rotate_left(b.try_into().unwrap())); //rotate left
  |                                            ++++++++++++++++++++

error[E0308]: mismatched types
  --> /tmp/codegemma7b-bit_ops-java-rs.rs:10:44
   |
10 |     println!("a ror b: {}", a.rotate_right(b)); //rotate right
   |                               ------------ ^ expected `u32`, found `i32`
   |                               |
   |                               arguments to this method are incorrect
   |
note: method defined here
  --> /private/tmp/rust-20241019-8391-fxpxmx/rustc-1.82.0-src/library/core/src/num/mod.rs:326:5
   = note: this error originates in the macro `int_impl` (in Nightly builds, run with -Z macro-backtrace for more info)
help: you can convert an `i32` to a `u32` and panic if the converted value doesn't fit
   |
10 |     println!("a ror b: {}", a.rotate_right(b.try_into().unwrap())); //rotate right
   |                                             ++++++++++++++++++++

error: aborting due to 4 previous errors

Some errors have detailed explanations: E0308, E0599, E0601.
For more information about an error, try `rustc --explain E0308`.
