/tmp/codegemma7b-str_cmp-java-cpp.cpp:7:3: error: use of undeclared identifier 'compare'
    7 |   compare("Hello", "Hello");
      |   ^
/tmp/codegemma7b-str_cmp-java-cpp.cpp:8:3: error: use of undeclared identifier 'compare'
    8 |   compare("5", "5.0");
      |   ^
/tmp/codegemma7b-str_cmp-java-cpp.cpp:9:3: error: use of undeclared identifier 'compare'
    9 |   compare("java", "Java");
      |   ^
/tmp/codegemma7b-str_cmp-java-cpp.cpp:10:3: error: use of undeclared identifier 'compare'
   10 |   compare("ĴÃVÁ", "ĴÃVÁ");
      |   ^
/tmp/codegemma7b-str_cmp-java-cpp.cpp:11:3: error: use of undeclared identifier 'compare'
   11 |   compare("ĴÃVÁ", "ĵãvá");
      |   ^
/tmp/codegemma7b-str_cmp-java-cpp.cpp:31:9: error: no matching member function for call to 'compare'
   31 |   if (A.compare(B, 0, A.length(), true) == 0) {
      |       ~~^~~~~~~
/Library/Developer/CommandLineTools/SDKs/MacOSX.sdk/usr/include/c++/v1/string:1702:3: note: candidate function not viable: no known conversion from 'string' (aka 'basic_string<char>') to 'size_type' (aka 'unsigned long') for 1st argument
 1702 |   compare(size_type __pos1, size_type __n1, const basic_string& __str, size_type __pos2, size_type __n2 = npos) const;
      |   ^       ~~~~~~~~~~~~~~~~
/Library/Developer/CommandLineTools/SDKs/MacOSX.sdk/usr/include/c++/v1/string:1714:3: note: candidate function not viable: no known conversion from 'string' (aka 'basic_string<char>') to 'size_type' (aka 'unsigned long') for 1st argument
 1714 |   compare(size_type __pos1, size_type __n1, const value_type* __s, size_type __n2) const;
      |   ^       ~~~~~~~~~~~~~~~~
/Library/Developer/CommandLineTools/SDKs/MacOSX.sdk/usr/include/c++/v1/string:1709:3: note: candidate template ignored: requirement '__can_be_converted_to_string_view<char, std::char_traits<char>, unsigned long>::value' was not satisfied [with _Tp = size_type]
 1709 |   compare(size_type __pos1, size_type __n1, const _Tp& __t, size_type __pos2, size_type __n2 = npos) const;
      |   ^
/Library/Developer/CommandLineTools/SDKs/MacOSX.sdk/usr/include/c++/v1/string:1697:3: note: candidate function template not viable: requires 3 arguments, but 4 were provided
 1697 |   compare(size_type __pos1, size_type __n1, const _Tp& __t) const;
      |   ^       ~~~~~~~~~~~~~~~~~~~~~~~~~~~~~~~~~~~~~~~~~~~~~~~~
/Library/Developer/CommandLineTools/SDKs/MacOSX.sdk/usr/include/c++/v1/string:1700:3: note: candidate function not viable: requires 3 arguments, but 4 were provided
 1700 |   compare(size_type __pos1, size_type __n1, const basic_string& __str) const;
      |   ^       ~~~~~~~~~~~~~~~~~~~~~~~~~~~~~~~~~~~~~~~~~~~~~~~~~~~~~~~~~~~
/Library/Developer/CommandLineTools/SDKs/MacOSX.sdk/usr/include/c++/v1/string:1712:37: note: candidate function not viable: requires 3 arguments, but 4 were provided
 1712 |   _LIBCPP_CONSTEXPR_SINCE_CXX20 int compare(size_type __pos1, size_type __n1, const value_type* __s) const;
      |                                     ^       ~~~~~~~~~~~~~~~~~~~~~~~~~~~~~~~~~~~~~~~~~~~~~~~~~~~~~~~
/Library/Developer/CommandLineTools/SDKs/MacOSX.sdk/usr/include/c++/v1/string:1689:59: note: candidate function not viable: requires single argument '__str', but 4 arguments were provided
 1689 |   _LIBCPP_HIDE_FROM_ABI _LIBCPP_CONSTEXPR_SINCE_CXX20 int compare(const basic_string& __str) const _NOEXCEPT;
      |                                                           ^       ~~~~~~~~~~~~~~~~~~~~~~~~~
/Library/Developer/CommandLineTools/SDKs/MacOSX.sdk/usr/include/c++/v1/string:1693:3: note: candidate function template not viable: requires single argument '__t', but 4 arguments were provided
 1693 |   compare(const _Tp& __t) const _NOEXCEPT;
      |   ^       ~~~~~~~~~~~~~~
/Library/Developer/CommandLineTools/SDKs/MacOSX.sdk/usr/include/c++/v1/string:1711:37: note: candidate function not viable: requires single argument '__s', but 4 arguments were provided
 1711 |   _LIBCPP_CONSTEXPR_SINCE_CXX20 int compare(const value_type* __s) const _NOEXCEPT;
      |                                     ^       ~~~~~~~~~~~~~~~~~~~~~
/tmp/codegemma7b-str_cmp-java-cpp.cpp:41:13: error: no matching member function for call to 'compare'
   41 |        << A.compare(B, 0, A.length(), true) << endl;
      |           ~~^~~~~~~
/Library/Developer/CommandLineTools/SDKs/MacOSX.sdk/usr/include/c++/v1/string:1702:3: note: candidate function not viable: no known conversion from 'string' (aka 'basic_string<char>') to 'size_type' (aka 'unsigned long') for 1st argument
 1702 |   compare(size_type __pos1, size_type __n1, const basic_string& __str, size_type __pos2, size_type __n2 = npos) const;
      |   ^       ~~~~~~~~~~~~~~~~
/Library/Developer/CommandLineTools/SDKs/MacOSX.sdk/usr/include/c++/v1/string:1714:3: note: candidate function not viable: no known conversion from 'string' (aka 'basic_string<char>') to 'size_type' (aka 'unsigned long') for 1st argument
 1714 |   compare(size_type __pos1, size_type __n1, const value_type* __s, size_type __n2) const;
      |   ^       ~~~~~~~~~~~~~~~~
/Library/Developer/CommandLineTools/SDKs/MacOSX.sdk/usr/include/c++/v1/string:1709:3: note: candidate template ignored: requirement '__can_be_converted_to_string_view<char, std::char_traits<char>, unsigned long>::value' was not satisfied [with _Tp = size_type]
 1709 |   compare(size_type __pos1, size_type __n1, const _Tp& __t, size_type __pos2, size_type __n2 = npos) const;
      |   ^
/Library/Developer/CommandLineTools/SDKs/MacOSX.sdk/usr/include/c++/v1/string:1697:3: note: candidate function template not viable: requires 3 arguments, but 4 were provided
 1697 |   compare(size_type __pos1, size_type __n1, const _Tp& __t) const;
      |   ^       ~~~~~~~~~~~~~~~~~~~~~~~~~~~~~~~~~~~~~~~~~~~~~~~~
/Library/Developer/CommandLineTools/SDKs/MacOSX.sdk/usr/include/c++/v1/string:1700:3: note: candidate function not viable: requires 3 arguments, but 4 were provided
 1700 |   compare(size_type __pos1, size_type __n1, const basic_string& __str) const;
      |   ^       ~~~~~~~~~~~~~~~~~~~~~~~~~~~~~~~~~~~~~~~~~~~~~~~~~~~~~~~~~~~
/Library/Developer/CommandLineTools/SDKs/MacOSX.sdk/usr/include/c++/v1/string:1712:37: note: candidate function not viable: requires 3 arguments, but 4 were provided
 1712 |   _LIBCPP_CONSTEXPR_SINCE_CXX20 int compare(size_type __pos1, size_type __n1, const value_type* __s) const;
      |                                     ^       ~~~~~~~~~~~~~~~~~~~~~~~~~~~~~~~~~~~~~~~~~~~~~~~~~~~~~~~
/Library/Developer/CommandLineTools/SDKs/MacOSX.sdk/usr/include/c++/v1/string:1689:59: note: candidate function not viable: requires single argument '__str', but 4 arguments were provided
 1689 |   _LIBCPP_HIDE_FROM_ABI _LIBCPP_CONSTEXPR_SINCE_CXX20 int compare(const basic_string& __str) const _NOEXCEPT;
      |                                                           ^       ~~~~~~~~~~~~~~~~~~~~~~~~~
/Library/Developer/CommandLineTools/SDKs/MacOSX.sdk/usr/include/c++/v1/string:1693:3: note: candidate function template not viable: requires single argument '__t', but 4 arguments were provided
 1693 |   compare(const _Tp& __t) const _NOEXCEPT;
      |   ^       ~~~~~~~~~~~~~~
/Library/Developer/CommandLineTools/SDKs/MacOSX.sdk/usr/include/c++/v1/string:1711:37: note: candidate function not viable: requires single argument '__s', but 4 arguments were provided
 1711 |   _LIBCPP_CONSTEXPR_SINCE_CXX20 int compare(const value_type* __s) const _NOEXCEPT;
      |                                     ^       ~~~~~~~~~~~~~~~~~~~~~
7 errors generated.
