error[E0425]: cannot find value `fctrs` in this scope
  --> /tmp/dolphincoder7b-int_factors-c-rs.rs:41:40
   |
41 |             Factors::xfer_factors(&mut fctrs, &flist, flix);
   |                                        ^^^^^ not found in this scope

error[E0425]: cannot find value `dvsr` in this scope
  --> /tmp/dolphincoder7b-int_factors-c-rs.rs:48:8
   |
48 |     if dvsr * dvsr == num {
   |        ^^^^ not found in this scope

error[E0425]: cannot find value `dvsr` in this scope
  --> /tmp/dolphincoder7b-int_factors-c-rs.rs:48:15
   |
48 |     if dvsr * dvsr == num {
   |               ^^^^ not found in this scope

error[E0425]: cannot find value `dvsr` in this scope
  --> /tmp/dolphincoder7b-int_factors-c-rs.rs:49:20
   |
49 |         flist.push(dvsr);
   |                    ^^^^ not found in this scope

error[E0425]: cannot find value `fctrs` in this scope
  --> /tmp/dolphincoder7b-int_factors-c-rs.rs:53:36
   |
53 |         Factors::xfer_factors(&mut fctrs, &flist, flix);
   |                                    ^^^^^ not found in this scope

error[E0425]: cannot find value `fctrs` in this scope
  --> /tmp/dolphincoder7b-int_factors-c-rs.rs:56:12
   |
56 |     return fctrs;
   |            ^^^^^ not found in this scope

error[E0425]: cannot find value `fctrs` in this scope
  --> /tmp/dolphincoder7b-int_factors-c-rs.rs:68:22
   |
68 |         print!("{}", fctrs.list[0]);
   |                      ^^^^^ not found in this scope

error[E0425]: cannot find value `fctrs` in this scope
  --> /tmp/dolphincoder7b-int_factors-c-rs.rs:69:21
   |
69 |         for i in 1..fctrs.count as usize {
   |                     ^^^^^ not found in this scope
   |
help: you might have meant to write `.` instead of `..`
   |
69 -         for i in 1..fctrs.count as usize {
69 +         for i in 1.fctrs.count as usize {
   |

error[E0425]: cannot find value `fctrs` in this scope
  --> /tmp/dolphincoder7b-int_factors-c-rs.rs:70:35
   |
70 |             print!("{}, {}", sep, fctrs.list[i]);
   |                                   ^^^^^ not found in this scope

warning: unused import: `std::ptr`
 --> /tmp/dolphincoder7b-int_factors-c-rs.rs:1:5
  |
1 | use std::ptr;
  |     ^^^^^^^^
  |
  = note: `#[warn(unused_imports)]` on by default

error[E0606]: casting `&i32` as `usize` is invalid
  --> /tmp/dolphincoder7b-int_factors-c-rs.rs:25:23
   |
25 |             self.list[ix as usize] = *ix;
   |                       ^^^^^^^^^^^
   |
help: dereference the expression
   |
25 |             self.list[*ix as usize] = *ix;
   |                       +

error: aborting due to 10 previous errors; 1 warning emitted

Some errors have detailed explanations: E0425, E0606.
For more information about an error, try `rustc --explain E0425`.
