/tmp/granitecode8b-logic_ops-py-c.c:1:9: error: expected "FILENAME" or <FILENAME>
    1 | #include
      |         ^
/tmp/granitecode8b-logic_ops-py-c.c:3:2: error: call to undeclared library function 'printf' with type 'int (const char *, ...)'; ISO C99 and later do not support implicit function declarations [-Wimplicit-function-declaration]
    3 |  printf("a and b: %d
      |  ^
/tmp/granitecode8b-logic_ops-py-c.c:3:2: note: include the header <stdio.h> or explicitly provide a declaration for 'printf'
/tmp/granitecode8b-logic_ops-py-c.c:3:9: warning: missing terminating '"' character [-Winvalid-pp-token]
    3 |  printf("a and b: %d
      |         ^
/tmp/granitecode8b-logic_ops-py-c.c:3:9: error: expected expression
/tmp/granitecode8b-logic_ops-py-c.c:4:1: warning: missing terminating '"' character [-Winvalid-pp-token]
    4 | ", a && b);
      | ^
/tmp/granitecode8b-logic_ops-py-c.c:5:9: warning: missing terminating '"' character [-Winvalid-pp-token]
    5 |  printf("a or b: %d
      |         ^
/tmp/granitecode8b-logic_ops-py-c.c:6:1: warning: missing terminating '"' character [-Winvalid-pp-token]
    6 | ", a || b);
      | ^
/tmp/granitecode8b-logic_ops-py-c.c:7:9: warning: missing terminating '"' character [-Winvalid-pp-token]
    7 |  printf("not a: %d
      |         ^
/tmp/granitecode8b-logic_ops-py-c.c:8:1: warning: missing terminating '"' character [-Winvalid-pp-token]
    8 | ", !a);
      | ^
/tmp/granitecode8b-logic_ops-py-c.c:9:2: error: expected '}'
    9 | }
      |  ^
/tmp/granitecode8b-logic_ops-py-c.c:2:26: note: to match this '{'
    2 | void logic(int a, int b) {
      |                          ^
6 warnings and 4 errors generated.
