/tmp/stablecode-bit_ops-java-cpp.cpp:12:35: error: expected ';' after expression
   12 |     cout << "a << b: " << (a << b)) << endl;
      |                                   ^
      |                                   ;
/tmp/stablecode-bit_ops-java-cpp.cpp:12:35: error: expected expression
/tmp/stablecode-bit_ops-java-cpp.cpp:15:57: error: expected ';' after expression
   15 |     cout << "a >> b: " << ((unsigned int) a >> (b % 32))) << endl;
      |                                                         ^
      |                                                         ;
/tmp/stablecode-bit_ops-java-cpp.cpp:15:57: error: expected expression
/tmp/stablecode-bit_ops-java-cpp.cpp:20:47: error: invalid operands to binary expression ('ostream' and 'int')
   20 |     cout << "a >>> b: " << ((unsigned int) a) >> (b % 32))) << endl;
      |     ~~~~~~~~~~~~~~~~~~~~~~~~~~~~~~~~~~~~~~~~~ ^  ~~~~~~~~
/Library/Developer/CommandLineTools/SDKs/MacOSX.sdk/usr/include/c++/v1/__random/uniform_int_distribution.h:245:1: note: candidate template ignored: could not match 'basic_istream' against 'basic_ostream'
  245 | operator>>(basic_istream<_CharT, _Traits>& __is, uniform_int_distribution<_IT>& __x) {
      | ^
/Library/Developer/CommandLineTools/SDKs/MacOSX.sdk/usr/include/c++/v1/istream:543:1: note: candidate template ignored: could not match 'basic_istream' against 'basic_ostream'
  543 | operator>>(basic_istream<_CharT, _Traits>& __is, _CharT* __s) {
      | ^
/Library/Developer/CommandLineTools/SDKs/MacOSX.sdk/usr/include/c++/v1/istream:552:1: note: candidate template ignored: could not match 'basic_istream' against 'basic_ostream'
  552 | operator>>(basic_istream<char, _Traits>& __is, unsigned char* __s) {
      | ^
/Library/Developer/CommandLineTools/SDKs/MacOSX.sdk/usr/include/c++/v1/istream:558:1: note: candidate template ignored: could not match 'basic_istream' against 'basic_ostream'
  558 | operator>>(basic_istream<char, _Traits>& __is, signed char* __s) {
      | ^
/Library/Developer/CommandLineTools/SDKs/MacOSX.sdk/usr/include/c++/v1/istream:565:55: note: candidate template ignored: could not match 'basic_istream' against 'basic_ostream'
  565 | _LIBCPP_HIDE_FROM_ABI basic_istream<_CharT, _Traits>& operator>>(basic_istream<_CharT, _Traits>& __is, _CharT& __c) {
      |                                                       ^
/Library/Developer/CommandLineTools/SDKs/MacOSX.sdk/usr/include/c++/v1/istream:593:1: note: candidate template ignored: could not match 'basic_istream' against 'basic_ostream'
  593 | operator>>(basic_istream<char, _Traits>& __is, unsigned char& __c) {
      | ^
/Library/Developer/CommandLineTools/SDKs/MacOSX.sdk/usr/include/c++/v1/istream:599:1: note: candidate template ignored: could not match 'basic_istream' against 'basic_ostream'
  599 | operator>>(basic_istream<char, _Traits>& __is, signed char& __c) {
      | ^
/Library/Developer/CommandLineTools/SDKs/MacOSX.sdk/usr/include/c++/v1/istream:1203:1: note: candidate template ignored: could not match 'basic_istream' against 'basic_ostream'
 1203 | operator>>(basic_istream<_CharT, _Traits>& __is, basic_string<_CharT, _Traits, _Allocator>& __str) {
      | ^
/Library/Developer/CommandLineTools/SDKs/MacOSX.sdk/usr/include/c++/v1/istream:1311:1: note: candidate template ignored: could not match 'basic_istream' against 'basic_ostream'
 1311 | operator>>(basic_istream<_CharT, _Traits>& __is, bitset<_Size>& __x) {
      | ^
/Library/Developer/CommandLineTools/SDKs/MacOSX.sdk/usr/include/c++/v1/istream:1154:33: note: candidate template ignored: requirement 'integral_constant<bool, false>::value' was not satisfied [with _Stream = ostream &, _Tp = int]
 1154 | _LIBCPP_HIDE_FROM_ABI _Stream&& operator>>(_Stream&& __is, _Tp&& __x) {
      |                                 ^
/tmp/stablecode-bit_ops-java-cpp.cpp:20:58: error: expected ';' after expression
   20 |     cout << "a >>> b: " << ((unsigned int) a) >> (b % 32))) << endl;
      |                                                          ^
      |                                                          ;
/tmp/stablecode-bit_ops-java-cpp.cpp:20:58: error: expected expression
/tmp/stablecode-bit_ops-java-cpp.cpp:23:28: error: use of undeclared identifier 'rotateLeft'
   23 |     cout << "a rol b: " << rotateLeft(a, b)) << endl;
      |                            ^
/tmp/stablecode-bit_ops-java-cpp.cpp:23:44: error: expected ';' after expression
   23 |     cout << "a rol b: " << rotateLeft(a, b)) << endl;
      |                                            ^
      |                                            ;
/tmp/stablecode-bit_ops-java-cpp.cpp:23:44: error: expected expression
/tmp/stablecode-bit_ops-java-cpp.cpp:26:28: error: use of undeclared identifier 'rotateRight'
   26 |     cout << "a ror b: " << rotateRight(a, b)) << endl;
      |                            ^
/tmp/stablecode-bit_ops-java-cpp.cpp:26:45: error: expected ';' after expression
   26 |     cout << "a ror b: " << rotateRight(a, b)) << endl;
      |                                             ^
      |                                             ;
/tmp/stablecode-bit_ops-java-cpp.cpp:26:45: error: expected expression
13 errors generated.
