error[E0425]: cannot find value `toBeReplaced` in this scope
  --> /tmp/stablecode-str_interp-cpp-rs.rs:10:9
   |
10 |         toBeReplaced.len(),
   |         ^^^^^^^^^^^^ help: a local variable with a similar name exists: `to_be_replaced`

error[E0277]: the trait bound `Option<usize>: Pattern` is not satisfied
 --> /tmp/stablecode-str_interp-cpp-rs.rs:9:26
  |
9 |         original.replace(original.find(to_be_replaced)),
  |                  ------- ^^^^^^^^^^^^^^^^^^^^^^^^^^^^^ the trait `FnMut(char)` is not implemented for `Option<usize>`, which is required by `Option<usize>: Pattern`
  |                  |
  |                  required by a bound introduced by this call
  |
  = help: the following other types implement trait `Pattern`:
            &'b String
            &'b [char; N]
            &'b [char]
            &'b str
            &'c &'b str
            [char; N]
            char
  = note: required for `Option<usize>` to implement `Pattern`
note: required by a bound in `str::<impl str>::replace`
 --> /private/tmp/rust-20241019-8391-fxpxmx/rustc-1.82.0-src/library/alloc/src/str.rs:270:5

error[E0061]: this method takes 2 arguments but 1 argument was supplied
 --> /tmp/stablecode-str_interp-cpp-rs.rs:9:18
  |
9 |         original.replace(original.find(to_be_replaced)),
  |                  ^^^^^^^------------------------------- argument #2 of type `&str` is missing
  |
note: method defined here
 --> /private/tmp/rust-20241019-8391-fxpxmx/rustc-1.82.0-src/library/alloc/src/str.rs:270:12
help: provide the argument
  |
9 |         original.replace(original.find(to_be_replaced), /* &str */),
  |                         ~~~~~~~~~~~~~~~~~~~~~~~~~~~~~~~~~~~~~~~~~~~

error: aborting due to 3 previous errors

Some errors have detailed explanations: E0061, E0277, E0425.
For more information about an error, try `rustc --explain E0061`.
