error[E0531]: cannot find tuple struct or tuple variant `ok` in this scope
  --> /tmp/yicoder2b-str_cmp-cpp-rs.rs:46:20
   |
46 |     let a = if let ok(_) = a.chars().fold(Vec::new(), |mut acc, c| {
   |                    ^^ help: a tuple variant with a similar name exists (notice the capitalization): `Ok`
  --> /private/tmp/rust-20241019-8391-fxpxmx/rustc-1.82.0-src/library/core/src/result.rs:531:5
   |
   = note: similarly named tuple variant `Ok` defined here

error[E0531]: cannot find tuple struct or tuple variant `ok` in this scope
  --> /tmp/yicoder2b-str_cmp-cpp-rs.rs:54:20
   |
54 |     let b = if let ok(_) = b.chars().fold(Vec::new(), |mut acc, c| {
   |                    ^^ help: a tuple variant with a similar name exists (notice the capitalization): `Ok`
  --> /private/tmp/rust-20241019-8391-fxpxmx/rustc-1.82.0-src/library/core/src/result.rs:531:5
   |
   = note: similarly named tuple variant `Ok` defined here

warning: unnecessary parentheses around assigned value
  --> /tmp/yicoder2b-str_cmp-cpp-rs.rs:33:13
   |
33 |     let a = (if std::env::args().len() > 1 {
   |             ^
...
37 |     });
   |      ^
   |
   = note: `#[warn(unused_parens)]` on by default
help: remove these parentheses
   |
33 ~     let a = if std::env::args().len() > 1 {
34 |         &std::env::args()[1]
35 |     } else {
36 |         "1.2.Foo"
37 ~     };
   |

warning: unnecessary parentheses around assigned value
  --> /tmp/yicoder2b-str_cmp-cpp-rs.rs:38:13
   |
38 |     let b = (if std::env::args().len() > 2 {
   |             ^
...
42 |     });
   |      ^
   |
help: remove these parentheses
   |
38 ~     let b = if std::env::args().len() > 2 {
39 |         &std::env::args()[2]
40 |     } else {
41 |         "1.3.Bar"
42 ~     };
   |

error: in expressions, `_` can only be used on the left-hand side of an assignment
  --> /tmp/yicoder2b-str_cmp-cpp-rs.rs:50:9
   |
50 |         _
   |         ^ `_` not allowed here

error: in expressions, `_` can only be used on the left-hand side of an assignment
  --> /tmp/yicoder2b-str_cmp-cpp-rs.rs:58:9
   |
58 |         _
   |         ^ `_` not allowed here

error[E0608]: cannot index into a value of type `Args`
  --> /tmp/yicoder2b-str_cmp-cpp-rs.rs:34:26
   |
34 |         &std::env::args()[1]
   |                          ^^^

error[E0608]: cannot index into a value of type `Args`
  --> /tmp/yicoder2b-str_cmp-cpp-rs.rs:39:26
   |
39 |         &std::env::args()[2]
   |                          ^^^

error[E0599]: no method named `to_ascii_lowercase` found for type `u32` in the current scope
  --> /tmp/yicoder2b-str_cmp-cpp-rs.rs:47:29
   |
47 |         acc.push((c as u32).to_ascii_lowercase());
   |                             ^^^^^^^^^^^^^^^^^^ method not found in `u32`

error[E0599]: no method named `to_ascii_lowercase` found for type `u32` in the current scope
  --> /tmp/yicoder2b-str_cmp-cpp-rs.rs:55:29
   |
55 |         acc.push((c as u32).to_ascii_lowercase());
   |                             ^^^^^^^^^^^^^^^^^^ method not found in `u32`

error[E0599]: no method named `try_from_str` found for type `f64` in the current scope
  --> /tmp/yicoder2b-str_cmp-cpp-rs.rs:67:26
   |
67 |     if let Ok(v) = num_a.try_from_str(&a) {
   |                          ^^^^^^^^^^^^ method not found in `f64`

error[E0599]: no method named `try_from_str` found for type `f64` in the current scope
  --> /tmp/yicoder2b-str_cmp-cpp-rs.rs:68:38
   |
68 |         num_b = if let Ok(v) = num_b.try_from_str(&b) {
   |                                      ^^^^^^^^^^^^ method not found in `f64`

error[E0308]: arguments to this function are incorrect
  --> /tmp/yicoder2b-str_cmp-cpp-rs.rs:76:5
   |
76 |     demo_compare(&num_a, &num_b, "numerically");
   |     ^^^^^^^^^^^^ ------  ------ expected `&str`, found `&f64`
   |                  |
   |                  expected `&str`, found `&f64`
   |
   = note: expected reference `&str`
              found reference `&f64`
   = note: expected reference `&str`
              found reference `&f64`
note: function defined here
  --> /tmp/yicoder2b-str_cmp-cpp-rs.rs:1:4
   |
1  | fn demo_compare<T>(a: &str, b: &str, semantically: &str)
   |    ^^^^^^^^^^^^    -------  -------  ------------------

warning: unused variable: `semantically`
 --> /tmp/yicoder2b-str_cmp-cpp-rs.rs:1:38
  |
1 | fn demo_compare<T>(a: &str, b: &str, semantically: &str)
  |                                      ^^^^^^^^^^^^ help: if this is intentional, prefix it with an underscore: `_semantically`
  |
  = note: `#[warn(unused_variables)]` on by default

error: aborting due to 11 previous errors; 3 warnings emitted

Some errors have detailed explanations: E0308, E0531, E0599, E0608.
For more information about an error, try `rustc --explain E0308`.
