error: expected one of `.`, `?`, `{`, or an operator, found `;`
 --> /tmp/yicoder2b-str_match-go-rs.rs:6:26
  |
6 |     match(input1, input2);
  |     -----                ^ expected one of `.`, `?`, `{`, or an operator
  |     |
  |     while parsing this `match` expression
  |     help: try removing this `match`

error: expected identifier, found keyword `match`
 --> /tmp/yicoder2b-str_match-go-rs.rs:9:4
  |
9 | fn match(first: String, second: String) {
  |    ^^^^^ expected identifier, found keyword
  |
help: escape `match` to use it as an identifier
  |
9 | fn r#match(first: String, second: String) {
  |    ++

warning: unused import: `std::str`
 --> /tmp/yicoder2b-str_match-go-rs.rs:1:5
  |
1 | use std::str;
  |     ^^^^^^^^
  |
  = note: `#[warn(unused_imports)]` on by default

error[E0308]: mismatched types
  --> /tmp/yicoder2b-str_match-go-rs.rs:12:12
   |
12 |     if let Some(i) = i {
   |            ^^^^^^^   - this expression has type `usize`
   |            |
   |            expected `usize`, found `Option<_>`
   |
   = note: expected type `usize`
              found enum `Option<_>`

error[E0308]: mismatched types
  --> /tmp/yicoder2b-str_match-go-rs.rs:16:20
   |
16 |             if let Some(found_after_start) = found_after_start {
   |                    ^^^^^^^^^^^^^^^^^^^^^^^   ----------------- this expression has type `usize`
   |                    |
   |                    expected `usize`, found `Option<_>`
   |
   = note: expected type `usize`
              found enum `Option<_>`

error: aborting due to 4 previous errors; 1 warning emitted

For more information about this error, try `rustc --explain E0308`.
