error: cannot find macro `path` in this scope
  --> /tmp/yicoder2b-file_create-java-rs.rs:13:35
   |
13 |     let file = if fs::File::new(&*path!["output.txt"]).is_dir() {
   |                                   ^^^^
   |
   = note: `path` is in scope, but it is an attribute: `#[path]`

error: cannot find macro `path` in this scope
  --> /tmp/yicoder2b-file_create-java-rs.rs:14:30
   |
14 |         Some(fs::File::new(&*path!["output.txt"]).dup())
   |                              ^^^^
   |
   = note: `path` is in scope, but it is an attribute: `#[path]`

error[E0599]: no function or associated item named `new` found for struct `File` in the current scope
  --> /tmp/yicoder2b-file_create-java-rs.rs:13:29
   |
13 |     let file = if fs::File::new(&*path!["output.txt"]).is_dir() {
   |                             ^^^ function or associated item not found in `File`
   |
note: if you're trying to build a new `File` consider using one of the following associated functions:
      File::open
      File::create
      File::create_new
  --> /private/tmp/rust-20241019-8391-fxpxmx/rustc-1.82.0-src/library/std/src/fs.rs:374:5

error[E0599]: no function or associated item named `new` found for struct `File` in the current scope
  --> /tmp/yicoder2b-file_create-java-rs.rs:14:24
   |
14 |         Some(fs::File::new(&*path!["output.txt"]).dup())
   |                        ^^^ function or associated item not found in `File`
   |
note: if you're trying to build a new `File` consider using one of the following associated functions:
      File::open
      File::create
      File::create_new
  --> /private/tmp/rust-20241019-8391-fxpxmx/rustc-1.82.0-src/library/std/src/fs.rs:374:5

error: aborting due to 4 previous errors

For more information about this error, try `rustc --explain E0599`.
