/tmp/dolphincoder7b-file_rename-java-c.c:1:1: error: unknown type name 'using'
    1 | using System;
      | ^
/tmp/dolphincoder7b-file_rename-java-c.c:2:1: error: unknown type name 'using'
    2 | using System.IO;
      | ^
/tmp/dolphincoder7b-file_rename-java-c.c:2:13: error: expected ';' after top level declarator
    2 | using System.IO;
      |             ^
      |             ;
/tmp/dolphincoder7b-file_rename-java-c.c:3:1: error: unknown type name 'public'
    3 | public
      | ^
/tmp/dolphincoder7b-file_rename-java-c.c:4:6: error: expected ';' after top level declarator
    4 | class FileRenameTest {
      |      ^
      |      ;
5 errors generated.
