/tmp/granitecode3b-int_arith-cpp-c.c:1:9: error: expected "FILENAME" or <FILENAME>
    1 | #include
      |         ^
/tmp/granitecode3b-int_arith-cpp-c.c:5:3: error: call to undeclared library function 'printf' with type 'int (const char *, ...)'; ISO C99 and later do not support implicit function declarations [-Wimplicit-function-declaration]
    5 |   printf("Enter two integers: ");
      |   ^
/tmp/granitecode3b-int_arith-cpp-c.c:5:3: note: include the header <stdio.h> or explicitly provide a declaration for 'printf'
/tmp/granitecode3b-int_arith-cpp-c.c:6:3: error: call to undeclared library function 'scanf' with type 'int (const char *restrict, ...)'; ISO C99 and later do not support implicit function declarations [-Wimplicit-function-declaration]
    6 |   scanf("%d %d", &a, &b);
      |   ^
/tmp/granitecode3b-int_arith-cpp-c.c:6:3: note: include the header <stdio.h> or explicitly provide a declaration for 'scanf'
/tmp/granitecode3b-int_arith-cpp-c.c:7:10: warning: missing terminating '"' character [-Winvalid-pp-token]
    7 |   printf("a+b = %d
      |          ^
/tmp/granitecode3b-int_arith-cpp-c.c:7:10: error: expected expression
/tmp/granitecode3b-int_arith-cpp-c.c:8:1: warning: missing terminating '"' character [-Winvalid-pp-token]
    8 | ", a + b);
      | ^
/tmp/granitecode3b-int_arith-cpp-c.c:9:10: warning: missing terminating '"' character [-Winvalid-pp-token]
    9 |   printf("a-b = %d
      |          ^
/tmp/granitecode3b-int_arith-cpp-c.c:10:1: warning: missing terminating '"' character [-Winvalid-pp-token]
   10 | ", a - b);
      | ^
/tmp/granitecode3b-int_arith-cpp-c.c:11:10: warning: missing terminating '"' character [-Winvalid-pp-token]
   11 |   printf("a*b = %d
      |          ^
/tmp/granitecode3b-int_arith-cpp-c.c:12:1: warning: missing terminating '"' character [-Winvalid-pp-token]
   12 | ", a * b);
      | ^
/tmp/granitecode3b-int_arith-cpp-c.c:15:10: warning: missing terminating '"' character [-Winvalid-pp-token]
   15 |   printf("a/b = %d, remainder %d
      |          ^
/tmp/granitecode3b-int_arith-cpp-c.c:16:1: warning: missing terminating '"' character [-Winvalid-pp-token]
   16 | ", quotient, remainder);
      | ^
/tmp/granitecode3b-int_arith-cpp-c.c:18:2: error: expected '}'
   18 | }
      |  ^
/tmp/granitecode3b-int_arith-cpp-c.c:3:12: note: to match this '{'
    3 | int main() {
      |            ^
8 warnings and 5 errors generated.
