error: expected one of `)`, `,`, `.`, `?`, or an operator, found `", "mydocs`
 --> /tmp/granitecode3b-file_rename-go-rs.rs:5:18
  |
5 |  fs::rename("docs", "mydocs")?;
  |                  -^^^^^^^^^
  |                  |
  |                  expected one of `)`, `,`, `.`, `?`, or an operator
  |                  help: missing `,`

error: expected one of `)`, `,`, `.`, `?`, or an operator, found `")?;
        fs::rename("`
 --> /tmp/granitecode3b-file_rename-go-rs.rs:5:28
  |
5 |    fs::rename("docs", "mydocs")?;
  |                              ^
  |                              |
  |                              expected one of `)`, `,`, `.`, `?`, or an operator
  |  ____________________________help: missing `,`
  | |
6 | |  fs::rename("/input.txt", "/output.txt)?;
  | |_____________^ unexpected token

error: expected one of `(`, `)`, `,`, `.`, `::`, `?`, or an operator, found `", "`
 --> /tmp/granitecode3b-file_rename-go-rs.rs:6:24
  |
6 |  fs::rename("/input.txt", "/output.txt)?;
  |                        -^^^
  |                        |
  |                        expected one of 7 possible tokens
  |                        help: missing `,`

error[E0425]: cannot find value `input` in this scope
 --> /tmp/granitecode3b-file_rename-go-rs.rs:6:15
  |
6 |  fs::rename("/input.txt", "/output.txt)?;
  |               ^^^^^ not found in this scope

error[E0425]: cannot find value `output` in this scope
 --> /tmp/granitecode3b-file_rename-go-rs.rs:6:29
  |
6 |  fs::rename("/input.txt", "/output.txt)?;
  |                             ^^^^^^ not found in this scope

error: aborting due to 5 previous errors

For more information about this error, try `rustc --explain E0425`.
