/tmp/granitecode3b-logic_ops-py-c.c:1:9: error: expected "FILENAME" or <FILENAME>
    1 | #include
      |         ^
/tmp/granitecode3b-logic_ops-py-c.c:5:3: error: call to undeclared library function 'printf' with type 'int (const char *, ...)'; ISO C99 and later do not support implicit function declarations [-Wimplicit-function-declaration]
    5 |   printf("Enter first value (0 or 1): ");
      |   ^
/tmp/granitecode3b-logic_ops-py-c.c:5:3: note: include the header <stdio.h> or explicitly provide a declaration for 'printf'
/tmp/granitecode3b-logic_ops-py-c.c:6:3: error: call to undeclared library function 'scanf' with type 'int (const char *restrict, ...)'; ISO C99 and later do not support implicit function declarations [-Wimplicit-function-declaration]
    6 |   scanf("%d", &a);
      |   ^
/tmp/granitecode3b-logic_ops-py-c.c:6:3: note: include the header <stdio.h> or explicitly provide a declaration for 'scanf'
3 errors generated.
