/tmp/stablecode-bit_ops-js-cpp.cpp:10:37: error: expected ';' after expression
   10 |         cout<<"a << b: " << (a << b))<<endl; // left shift
      |                                     ^
      |                                     ;
/tmp/stablecode-bit_ops-js-cpp.cpp:10:37: error: expected expression
/tmp/stablecode-bit_ops-js-cpp.cpp:16:37: error: expected ';' after expression
   16 |         cout<<"a >> b: " << (a >> b))<<endl; // arithmetic right shift
      |                                     ^
      |                                     ;
/tmp/stablecode-bit_ops-js-cpp.cpp:16:37: error: expected expression
/tmp/stablecode-bit_ops-js-cpp.cpp:24:38: error: expected ';' after expression
   24 |         cout<<"a >>> b: " << (a >> b))<<endl; // logical right shift
      |                                      ^
      |                                      ;
/tmp/stablecode-bit_ops-js-cpp.cpp:24:38: error: expected expression
6 errors generated.
