error[E0425]: cannot find value `args` in this scope
 --> /tmp/yicoder2b-int_arith-c-rs.rs:5:8
  |
5 |     if args.len() < 2 {
  |        ^^^^ not found in this scope
  |
help: consider importing this function
  |
1 + use std::env::args;
  |

error[E0425]: cannot find value `args` in this scope
  --> /tmp/yicoder2b-int_arith-c-rs.rs:10:10
   |
10 |     a = &args[1];
   |          ^^^^ not found in this scope
   |
help: consider importing this function
   |
1  + use std::env::args;
   |

error[E0425]: cannot find value `args` in this scope
  --> /tmp/yicoder2b-int_arith-c-rs.rs:11:10
   |
11 |     b = &args[2];
   |          ^^^^ not found in this scope
   |
help: consider importing this function
   |
1  + use std::env::args;
   |

error: aborting due to 3 previous errors

For more information about this error, try `rustc --explain E0425`.
